*   92278e4 (HEAD -> master) m4
|\  
| *   8b707fc (b3) m2
| |\  
| * | 1c84b2b 5th commit (1st on b3).
* | |   fcf3cd1 m3
|\ \ \  
| |_|/  
|/| |   
| * | e4de66f (b2) 4th commit (1st on b2).
* | |   bbcc798 m1
|\ \ \  
| |/ /  
| | /   
| |/    
|/|     
| * 7d7c683 (b1)  3rd commit (1st on b1).
* | 8a19fd8 2nd commit (2nd on master).
|/  
* b273546 1st commit (1st on master).

rgc292
*   c5f4300 Merge branch 'branch_3'
|\  
| *   72538e4 Merge branch 'branch_2' into branch_3
| |\  
| * | 17d9015 on b3 5.txt
* | |   cc5be69 Merge branch 'branch_2'
|\ \ \  
| | |/  
| |/|   
| * |   444acb5 merge b1 into b2
| |\ \  
| | |/  
| | * 22f55ea b1 c1
* | | f6a2f19 master c3
|/ /  
* | c1407fd master c2
|/  
* f38d177 master c1
