sdr375
*   e44f80c Merge branch 'branch_3' into master
|\  
| *   ed412eb Merge branch 'branch_2' into branch_3
| |\  
| * | bf4f80e branch_3 commit 1
* | |   9940a44 Merge branch 'branch_2' into master
|\ \ \  
| | |/  
| |/|   
| * |   89eda89 merging branch_1 into branch_2
| |\ \  
| | |/  
| | * c364f19 branch_1 commit 1
* | | 2c2b92e master commit 3
|/ /  
* | cad86f3 master commit 2
|/  
* c9793d9 master commit 1

vdn207
*   870ddd7 (HEAD, master) Merging 2_3 into master
|\  
| *   d8ab145 (2_3) Merge branch '2_2' into 2_3
| |\  
| * | b85b29a 2_3C1
* | |   df7f327 Merging 2_2 into master
|\ \ \  
| | |/  
| |/|   
| * |   283e015 (2_2) Merge 1_2 into 2_2
| |\ \  
| | |/  
| | * b11e7dd (1_2) 1_2C1
* | | dc3632e masterC3
|/ /  
* | 1108d5a masterC2
|/  
* 33b0c32 masterC1
