rgc292
*   c5f4300 Merge branch 'branch_3'
|\  
| *   72538e4 Merge branch 'branch_2' into branch_3
| |\  
| * | 17d9015 on b3 5.txt
* | |   cc5be69 Merge branch 'branch_2'
|\ \ \  
| | |/  
| |/|   
| * |   444acb5 merge b1 into b2
| |\ \  
| | |/  
| | * 22f55ea b1 c1
* | | f6a2f19 master c3
|/ /  
* | c1407fd master c2
|/  
* f38d177 master c1

up276
*   fb0f9be merging B3 into master
|\  
| *   98f04ac merging B2 into B3
| |\  
| * | 097e83b up276 commit B3 #1
* | |   966a290 merging B2 into master
|\ \ \  
| | |/  
| |/|   
| * |   e1d43e5 merging B1 into B2
| |\ \  
| | |/  
| | * e7cbbfb up276 commit B1 #1
* | | 51b2629 up276 commit master #3
|/ /  
* | 406b8c2 up276 commit master #2
|/  
* d6e395a up276 commit master #1
